c:\users\gabri\desktop\fuente\matchserver\kor_release_publish\matchserver.pch
c:\users\gabri\desktop\fuente\matchserver\kor_release_publish\vc120.pdb
c:\users\gabri\desktop\fuente\matchserver\kor_release_publish\stdafx.obj
c:\users\gabri\desktop\fuente\matchserver\kor_release_publish\mbmatchasyncdbjob_takeoffitem.obj
c:\users\gabri\desktop\fuente\matchserver\kor_release_publish\mbmatchasyncdbjob_sellitem.obj
c:\users\gabri\desktop\fuente\matchserver\kor_release_publish\mbmatchasyncdbjob_nhnlogin.obj
c:\users\gabri\desktop\fuente\matchserver\kor_release_publish\mbmatchasyncdbjob_netmarblelogin.obj
c:\users\gabri\desktop\fuente\matchserver\kor_release_publish\mbmatchasyncdbjob_gameonlogin.obj
c:\users\gabri\desktop\fuente\matchserver\kor_release_publish\mbmatchasyncdbjob_gamblequestitem.obj
c:\users\gabri\desktop\fuente\matchserver\kor_release_publish\mbmatchasyncdbjob_gambleitem.obj
c:\users\gabri\desktop\fuente\matchserver\kor_release_publish\mbmatchasyncdbjob_character.obj
c:\users\gabri\desktop\fuente\matchserver\kor_release_publish\mbmatchasyncdbjob_buybountyitem.obj
c:\users\gabri\desktop\fuente\matchserver\kor_release_publish\mbmatchserverconfigreloader.obj
c:\users\gabri\desktop\fuente\matchserver\kor_release_publish\mbmatchserver.obj
c:\users\gabri\desktop\fuente\matchserver\kor_release_publish\trayicon.obj
c:\users\gabri\desktop\fuente\matchserver\kor_release_publish\outputview.obj
c:\users\gabri\desktop\fuente\matchserver\kor_release_publish\matchserverview.obj
c:\users\gabri\desktop\fuente\matchserver\kor_release_publish\matchserverdoc.obj
c:\users\gabri\desktop\fuente\matchserver\kor_release_publish\matchserver.obj
c:\users\gabri\desktop\fuente\matchserver\kor_release_publish\mainfrm.obj
c:\users\gabri\desktop\fuente\matchserver\kor_release_publish\exceptionattacher.obj
c:\users\gabri\desktop\fuente\matchserver\kor_release_publish\commandlogview.obj
c:\users\gabri\desktop\fuente\matchserver\kor_release_publish\childfrm.obj
c:\users\gabri\desktop\fuente\matchserver\kor_release_publish\mbmatchtest_killtracker.obj
c:\users\gabri\desktop\fuente\matchserver\kor_release_publish\mbmatchtest_gameguard.obj
c:\users\gabri\desktop\fuente\matchserver\kor_release_publish\mbmatchtest.obj
c:\users\gabri\desktop\fuente\matchserver\kor_release_publish\mmatchserver_schedule.obj
c:\users\gabri\desktop\fuente\matchserver\kor_release_publish\mbmatchserver_stage.obj
c:\users\gabri\desktop\fuente\matchserver\kor_release_publish\mbmatchserver_serverkeeper.obj
c:\users\gabri\desktop\fuente\matchserver\kor_release_publish\mbmatchserver_oncommand.obj
c:\users\gabri\desktop\fuente\matchserver\kor_release_publish\mbmatchserver_login.obj
c:\users\gabri\desktop\fuente\matchserver\kor_release_publish\mbmatchserver_item.obj
c:\users\gabri\desktop\fuente\matchserver\kor_release_publish\mbmatchserver_countryfilter.obj
c:\users\gabri\desktop\fuente\matchserver\kor_release_publish\mbmatchserver_antihack.obj
c:\users\gabri\desktop\fuente\matchserver\kor_release_publish\mbmatchasyncdbjob_bringbackaccountitemstackable.obj
c:\users\gabri\desktop\fuente\matchserver\kor_release_publish\mbmatchasyncdbjob_bringbackaccountitem.obj
c:\users\gabri\desktop\fuente\matchserver\kor_release_publish\mbmatchasyncdbjob_bringaccountitemstackable.obj
c:\users\gabri\desktop\fuente\matchserver\kor_release_publish\mbmatchasyncdbjob_bringaccountitem.obj
c:\users\gabri\desktop\fuente\matchserver\kor_release_publish\onprocessasyncjob.obj
c:\users\gabri\desktop\fuente\matchserver\kor_release_publish\mbmatchasyncjob_getcpuinfo.obj
c:\users\gabri\desktop\fuente\matchserver\kor_release_publish\mbmatchasyncdbjob_updateequipitem.obj
c:\users\gabri\desktop\fuente\matchserver\kor_release_publish\mbmatchasyncdbjob_updatecharplayinfo.obj
c:\users\gabri\desktop\fuente\matchserver\kor_release_publish\mbmatchasyncdbjob_updatecharlevel.obj
c:\users\gabri\desktop\fuente\matchserver\kor_release_publish\mbmatchgameonauth.obj
c:\users\gabri\desktop\fuente\matchserver\kor_release_publish\mbmatchsysteminfo.obj
c:\users\gabri\desktop\fuente\matchserver\kor_release_publish\mbmatchmonitorxml.obj
c:\users\gabri\desktop\fuente\matchserver\kor_release_publish\mbmatchmonitorcommunicator.obj
c:\users\gabri\desktop\fuente\matchserver\kor_release_publish\mbmatchmonitor.obj
c:\users\gabri\desktop\fuente\matchserver\kor_release_publish\mbmatchkilltracker.obj
c:\users\gabri\desktop\fuente\matchserver\kor_release_publish\mbmatchsecurity.obj
c:\users\gabri\desktop\fuente\matchserver\kor_release_publish\mbmatchgameguard.obj
c:\users\gabri\desktop\fuente\matchserver\kor_release_publish\mbmatchnhnrta.obj
c:\users\gabri\desktop\fuente\matchserver\kor_release_publish\mbmatchnhnauth.obj
c:\users\gabri\desktop\fuente\matchserver\kor_release_publish\xtrap4server.obj
c:\users\gabri\desktop\fuente\matchserver\kor_release_publish\mbmatchxtrapcc.obj
c:\users\gabri\desktop\fuente\matchserver\kor_release_publish\mbmatchauth.obj
c:\users\gabri\desktop\fuente\matchserver\kor_release_publish\mbmatchnetmarblebilling.obj
c:\users\gabri\desktop\fuente\matchserver\kor_release_publish\testresourcecrc32cache_serverclient.obj
c:\users\gabri\desktop\fuente\matchserver\kor_release_publish\testcrcstage.obj
c:\users\gabri\desktop\fuente\matchserver\kor_release_publish\testcrcplayer.obj
c:\users\gabri\desktop\fuente\matchserver\kor_release_publish\testcrcnetmodule.obj
c:\users\gabri\desktop\fuente\matchserver\kor_release_publish\testcrc32server.obj
c:\users\gabri\desktop\fuente\matchserver\kor_release_publish\matchserver.res
c:\users\gabri\desktop\fuente\matchserver\kor_release_publish\msxml.tlh
c:\users\gabri\desktop\fuente\matchserver\kor_release_publish\matchserver.tlog\cl.command.1.tlog
c:\users\gabri\desktop\fuente\matchserver\kor_release_publish\matchserver.tlog\cl.read.1.tlog
c:\users\gabri\desktop\fuente\matchserver\kor_release_publish\matchserver.tlog\cl.write.1.tlog
c:\users\gabri\desktop\fuente\matchserver\kor_release_publish\matchserver.tlog\link.command.1.tlog
c:\users\gabri\desktop\fuente\matchserver\kor_release_publish\matchserver.tlog\link.read.1.tlog
c:\users\gabri\desktop\fuente\matchserver\kor_release_publish\matchserver.tlog\link.write.1.tlog
c:\users\gabri\desktop\fuente\matchserver\kor_release_publish\matchserver.tlog\rc.command.1.tlog
c:\users\gabri\desktop\fuente\matchserver\kor_release_publish\matchserver.tlog\rc.read.1.tlog
c:\users\gabri\desktop\fuente\matchserver\kor_release_publish\matchserver.tlog\rc.write.1.tlog
