Compilación iniciada a las 09/12/2017 17:08:43.
     1>Proyecto "C:\Users\javier\Desktop\Fuente\Gunz\Gunz.vcxproj" en el nodo 2 (Build destinos).
     1>ClCompile:
         C:\Program Files (x86)\Microsoft Visual Studio 12.0\VC\bin\CL.exe /c /I../sdk/dx9/include /I../CSCommon/Include /I../SafeUDP/Include /I../CML/Include /I../RealSpace2/Include /I../MAI/Include /I../RealSpace/Include /I../Mint2/Include /I../RealSound/Include /I../sdk/Themida/Include /Zi /nologo /W3 /WX- /Od /Ob2 /Oi /Ot /Oy- /D LOCALE_KOREA /D WIN32 /D NDEBUG /D _WINDOWS /D _PUBLISH /D _LOCATOR /D _USING_CXR /D _USING_V110_SDK71_ /D _MBCS /GF /Gm- /EHsc /MT /GS /Gy /fp:precise /Zc:wchar_t /Zc:forScope /Yu"stdafx.h" /Fp"KOR_Release_publish\Gunz.pch" /Fo"KOR_Release_publish\\" /Fd"KOR_Release_publish\vc120.pdb" /Gd /TP /analyze- /errorReport:prompt /Zm200 ZSoundEngine.cpp
         ZSoundEngine.cpp
       Link:
         C:\Program Files (x86)\Microsoft Visual Studio 12.0\VC\bin\link.exe /ERRORREPORT:PROMPT /OUT:"Runtime\Gunz.exe" /INCREMENTAL:NO /NOLOGO /LIBPATH:../sdk/dx9/lib /LIBPATH:../RealSound/Lib /LIBPATH:Lib /LIBPATH:../../sdk/crypto/lib ../CML/Lib/zlib.lib fmodvc.lib kernel32.lib user32.lib gdi32.lib winspool.lib comdlg32.lib advapi32.lib shell32.lib ole32.lib oleaut32.lib uuid.lib odbc32.lib odbccp32.lib /NODEFAULTLIB:libc.lib /NODEFAULTLIB:libci.lib /NODEFAULTLIB:LIBCD.lib /MANIFEST /MANIFESTUAC:"level='requireAdministrator' uiAccess='false'" /manifest:embed /DEBUG /PDB:"Runtime\Gunz.pdb" /SUBSYSTEM:WINDOWS,"5.01" /OPT:REF /OPT:ICF /TLBID:1 /DYNAMICBASE /NXCOMPAT /IMPLIB:"Runtime\Gunz.lib" /MACHINE:X86 /SAFESEH:NO KOR_Release_publish\Gunz.res
         KOR_Release_publish\creatwth.obj
         KOR_Release_publish\detoured.obj
         KOR_Release_publish\detours.obj
         KOR_Release_publish\ZAntiHack.obj
         KOR_Release_publish\ZBandiCapturer.obj
         KOR_Release_publish\ZCanvas.obj
         KOR_Release_publish\ZCombatChat.obj
         KOR_Release_publish\ZCombatInterface.obj
         KOR_Release_publish\ZCombatQuestScreen.obj
         KOR_Release_publish\ZCrossHair.obj
         KOR_Release_publish\ZDirectInput.obj
         KOR_Release_publish\ZFPSOverlay.obj
         KOR_Release_publish\ZGameInput.obj
         KOR_Release_publish\ZGameInput_Debug.obj
         KOR_Release_publish\ZInput.obj
         KOR_Release_publish\ZMiniMap.obj
         KOR_Release_publish\ZObserver.obj
         KOR_Release_publish\ZPlayerManager.obj
         KOR_Release_publish\ZPlayProtect.obj
         KOR_Release_publish\ZRadar.obj
         KOR_Release_publish\ZRuleClassic.obj
         KOR_Release_publish\ZRuleVampire.obj
         KOR_Release_publish\ZVoteInterface.obj
         KOR_Release_publish\ZWeaponScreenEffect.obj
         KOR_Release_publish\MCommandLogFrame.obj
         KOR_Release_publish\Mint4Gunz.obj
         KOR_Release_publish\Mint4R2.obj
         KOR_Release_publish\ZActionKey.obj
         KOR_Release_publish\ZBitmapManager.obj
         KOR_Release_publish\ZBmNumLabel.obj
         KOR_Release_publish\ZButton.obj
         KOR_Release_publish\ZCharacterSelectView.obj
         KOR_Release_publish\ZCharacterView.obj
         KOR_Release_publish\ZCharacterViewList.obj
         KOR_Release_publish\ZClanListBox.obj
         KOR_Release_publish\ZCombatMenu.obj
         KOR_Release_publish\ZDuelTournamentRankingListBox.obj
         KOR_Release_publish\ZEquipmentListBox.obj
         KOR_Release_publish\ZFrame.obj
         KOR_Release_publish\ZIDLResource.obj
         KOR_Release_publish\ZItemMenu.obj
         KOR_Release_publish\ZItemSlotView.obj
         KOR_Release_publish\ZMapListBox.obj
         KOR_Release_publish\ZMeshView.obj
         KOR_Release_publish\ZMeshViewList.obj
         KOR_Release_publish\ZMsgBox.obj
         KOR_Release_publish\ZPlayerListBox.obj
         KOR_Release_publish\ZPlayerMenu.obj
         KOR_Release_publish\ZPlayerSelectListBox.obj
         KOR_Release_publish\ZRoomListBox.obj
         KOR_Release_publish\ZScoreListBox.obj
         KOR_Release_publish\ZServerView.obj
         KOR_Release_publish\ZShopEquipListbox.obj
         KOR_Release_publish\ZStageInfoBox.obj
         KOR_Release_publish\ZToolTip.obj
         KOR_Release_publish\ZChat.obj
         KOR_Release_publish\ZChat_Cmds.obj
         KOR_Release_publish\ZChatCmd.obj
         KOR_Release_publish\ZConsole.obj
         KOR_Release_publish\ZCountDown.obj
         KOR_Release_publish\ZEmblemInterface.obj
         KOR_Release_publish\ZFile.obj
         KOR_Release_publish\ZGameInterface.obj
         KOR_Release_publish\ZGameInterface_OnCommand.obj
         KOR_Release_publish\ZInitialLoading.obj
         KOR_Release_publish\ZInterface.obj
         KOR_Release_publish\ZInterfaceBackground.obj
         KOR_Release_publish\ZInterfaceListener.obj
         KOR_Release_publish\ZItemIconBitmap.obj
         KOR_Release_publish\ZLoading.obj
         KOR_Release_publish\ZMonsterBookInterface.obj
         KOR_Release_publish\ZMyInfo.obj
         KOR_Release_publish\ZNetRepository.obj
         KOR_Release_publish\ZOptionInterface.obj
         KOR_Release_publish\ZPlayerList.obj
         KOR_Release_publish\ZReportAbuse.obj
         KOR_Release_publish\ZScreenDebugger.obj
         KOR_Release_publish\ZShop.obj
         KOR_Release_publish\ZShopEquipInterface.obj
         KOR_Release_publish\ZShopEquipItem.obj
         KOR_Release_publish\ZShopEquipItemConfirm.obj
         KOR_Release_publish\ZStageInterface.obj
         KOR_Release_publish\ZStageSetting.obj
         KOR_Release_publish\ZMyGambleItem.obj
         KOR_Release_publish\ZMyItem.obj
         KOR_Release_publish\ZMyItemList.obj
         KOR_Release_publish\ZMyQuestItem.obj
         KOR_Release_publish\ZMyBuff.obj
         KOR_Release_publish\ZMyBuffMgr.obj
         KOR_Release_publish\ZNPCInfoFromserver.obj
         KOR_Release_publish\ZQuest.obj
         KOR_Release_publish\ZQuestGameInfo.obj
         KOR_Release_publish\ZQuestMap.obj
         KOR_Release_publish\ZSurvival.obj
         KOR_Release_publish\ZAniEventHandler.obj
         KOR_Release_publish\ZEffectAniMesh.obj
         KOR_Release_publish\ZEffectBase.obj
         KOR_Release_publish\ZEffectBillboard.obj
         KOR_Release_publish\ZEffectBillboardList.obj
         KOR_Release_publish\ZEffectBulletMark.obj
         KOR_Release_publish\ZEffectBulletMarkList.obj
         KOR_Release_publish\ZEffectFlashBang.obj
         KOR_Release_publish\ZEffectGunFire.obj
         KOR_Release_publish\ZEffectLightFragment.obj
         KOR_Release_publish\ZEffectLightFragmentList.obj
         KOR_Release_publish\ZEffectLightTracer.obj
         KOR_Release_publish\ZEffectManager.obj
         KOR_Release_publish\ZEffectMesh.obj
         KOR_Release_publish\ZEffectSmoke.obj
         KOR_Release_publish\ZEffectStaticMesh.obj
         KOR_Release_publish\ZScreenEffectManager.obj
         KOR_Release_publish\ZCharacter.obj
         KOR_Release_publish\ZCharacterBuff.obj
         KOR_Release_publish\ZCharacterItem.obj
         KOR_Release_publish\ZCharacterManager.obj
         KOR_Release_publish\ZCharacterObject.obj
         KOR_Release_publish\ZItem.obj
         KOR_Release_publish\ZItemDesc.obj
         KOR_Release_publish\ZMyCharacter.obj
         KOR_Release_publish\ZNetCharacter.obj
         KOR_Release_publish\ZObject.obj
         KOR_Release_publish\ZObjectManager.obj
         KOR_Release_publish\ZShadow.obj
         KOR_Release_publish\ZModule.obj
         KOR_Release_publish\ZModule_ColdDamage.obj
         KOR_Release_publish\ZModule_FireDamage.obj
         KOR_Release_publish\ZModule_HealOverTime.obj
         KOR_Release_publish\ZModule_HPAP.obj
         KOR_Release_publish\ZModule_LightningDamage.obj
         KOR_Release_publish\ZModule_Movable.obj
         KOR_Release_publish\ZModule_PoisonDamage.obj
         KOR_Release_publish\ZModule_QuestStatus.obj
         KOR_Release_publish\ZModule_Resistance.obj
         KOR_Release_publish\ZModule_Skills.obj
         KOR_Release_publish\ZSkill.obj
         KOR_Release_publish\ZActor.obj
         KOR_Release_publish\ZActorAnimation.obj
         KOR_Release_publish\ZActorController.obj
         KOR_Release_publish\ZBrain.obj
         KOR_Release_publish\ZEnemy.obj
         KOR_Release_publish\ZEnvObject.obj
         KOR_Release_publish\ZRangeWeaponHitDice.obj
         KOR_Release_publish\ZStateMachine.obj
         KOR_Release_publish\ZTask.obj
         KOR_Release_publish\ZTask_AttackMelee.obj
         KOR_Release_publish\ZTask_AttackRange.obj
         KOR_Release_publish\ZTask_Delay.obj
         KOR_Release_publish\ZTask_MoveToPos.obj
         KOR_Release_publish\ZTask_RotateToDir.obj
         KOR_Release_publish\ZTask_Skill.obj
         KOR_Release_publish\ZTaskManager.obj
         KOR_Release_publish\ZBehavior.obj
         KOR_Release_publish\ZBehavior_Attack.obj
         KOR_Release_publish\ZBehavior_Idle.obj
         KOR_Release_publish\ZBehavior_Patrol.obj
         KOR_Release_publish\ZBehavior_Script.obj
         KOR_Release_publish\ZActorSound.obj
         KOR_Release_publish\ZSoundEngine.obj
         KOR_Release_publish\ZSoundFMod.obj
         KOR_Release_publish\Physics.obj
         KOR_Release_publish\CGLEncription.obj
         KOR_Release_publish\main.obj
         KOR_Release_publish\ZApplication.obj
         KOR_Release_publish\ZCamera.obj
         KOR_Release_publish\ZChannelRule.obj
         KOR_Release_publish\ZClan.obj
         KOR_Release_publish\ZConfiguration.obj
         KOR_Release_publish\ZGame.obj
         KOR_Release_publish\ZGameAction.obj
         KOR_Release_publish\ZGameType.obj
         KOR_Release_publish\ZGlobal.obj
         KOR_Release_publish\ZHelpScreen.obj
         KOR_Release_publish\ZMap.obj
         KOR_Release_publish\ZMapDesc.obj
         KOR_Release_publish\ZReplay.obj
         KOR_Release_publish\ZTestGame.obj
         KOR_Release_publish\ZTimer.obj
         KOR_Release_publish\ZUtil.obj
         KOR_Release_publish\ZWorld.obj
         KOR_Release_publish\ZWorldManager.obj
         KOR_Release_publish\ZMatch.obj
         KOR_Release_publish\ZRule.obj
         KOR_Release_publish\ZRuleAssassinate.obj
         KOR_Release_publish\ZRuleBaseQuest.obj
         KOR_Release_publish\ZRuleBerserker.obj
         KOR_Release_publish\ZRuleDeathMatch.obj
         KOR_Release_publish\ZRuleDuel.obj
         KOR_Release_publish\ZRuleDuelTournament.obj
         KOR_Release_publish\ZRuleGladiator.obj
         KOR_Release_publish\ZRuleQuest.obj
         KOR_Release_publish\ZRuleSurvival.obj
         KOR_Release_publish\ZRuleTraining.obj
         KOR_Release_publish\ZWeapon.obj
         KOR_Release_publish\ZWeaponMgr.obj
         KOR_Release_publish\ZBirdDummyAI.obj
         KOR_Release_publish\ZBirdDummyClient.obj
         KOR_Release_publish\ZBirdTest.obj
         KOR_Release_publish\MSysInfo.obj
         KOR_Release_publish\ZClothEmblem.obj
         KOR_Release_publish\ZProfiler.obj
         KOR_Release_publish\ZSkyBox.obj
         KOR_Release_publish\ZStencilLight.obj
         KOR_Release_publish\ZWater.obj
         KOR_Release_publish\ZWorldItem.obj
         KOR_Release_publish\MEmblemMgr.obj
         KOR_Release_publish\ZCommandTable.obj
         KOR_Release_publish\ZGameClient.obj
         KOR_Release_publish\ZGameClient_Clan.obj
         KOR_Release_publish\ZGameClient_DuelTournament.obj
         KOR_Release_publish\ZGameClient_Ladder.obj
         KOR_Release_publish\ZGameClient_OnCommand.obj
         KOR_Release_publish\ZGameTypeList.obj
         KOR_Release_publish\ZLocatorList.obj
         KOR_Release_publish\ZNetAgreementBuilder.obj
         KOR_Release_publish\ZPost.obj
         KOR_Release_publish\ZPostLocal.obj
         KOR_Release_publish\ZSecurity.obj
         KOR_Release_publish\upnp.obj
         KOR_Release_publish\ZCommandUDPHackShield.obj
         KOR_Release_publish\ZBaseAuthInfo.obj
         KOR_Release_publish\ZLocale.obj
         KOR_Release_publish\ZGameOnJPAuth.obj
         KOR_Release_publish\ZNetmarble.obj
         KOR_Release_publish\ZNetmarbleJP.obj
         KOR_Release_publish\ZNHN_USA.obj
         KOR_Release_publish\ZNHN_USA_Poll.obj
         KOR_Release_publish\ZNHN_USA_Report.obj
         KOR_Release_publish\ZLanguageConf.obj
         KOR_Release_publish\ZMessages.obj
         KOR_Release_publish\ZStringResManager.obj
         KOR_Release_publish\ZTips.obj
         KOR_Release_publish\SecurityTest.obj
         KOR_Release_publish\ZGameGuard.obj
         KOR_Release_publish\antishotbot.obj
         KOR_Release_publish\stdafx.obj
         nhn\HanAuthForClient.lib
         nhn\HanAuthForClientD.lib
         nhn\HanReportForClient.lib
         nhn\HanReportForClientD.lib
         fmodvc.lib
         HShield\HShield.lib
         XTrap\XTrap4Client_ClientPart_mt.lib
         XTrap\XTrap4Client_mt.lib
         XTrap\XTrap4Client_ServerPart_mt.lib
         XTrap\XTrap4Launcher_mt.lib
         XTrap\XTrap_Unipher_mt.lib
         C:\Users\javier\Desktop\Fuente\cml\Lib\cml.lib
         C:\Users\javier\Desktop\Fuente\MCountryFilter\Lib\MCountryFilter.lib
         C:\Users\javier\Desktop\Fuente\MDatabase\Lib\MDatabase.lib
         C:\Users\javier\Desktop\Fuente\Mint2\Lib\Mint2.lib
         C:\Users\javier\Desktop\Fuente\RealSound\Lib\RealSound.lib
         C:\Users\javier\Desktop\Fuente\SafeUDP\lib\SafeUDP.lib
         C:\Users\javier\Desktop\Fuente\StringLiteral\Release\StringLiteral.lib
         C:\Users\javier\Desktop\Fuente\CSCommon\Lib\CSCommon.lib
         C:\Users\javier\Desktop\Fuente\RealSpace2\Lib\RealSpace2.lib
     1>detours.lib(modules.obj) : warning LNK4099: no se encontró PDB 'detours.pdb' con 'detours.lib(modules.obj)' o en 'C:\Users\javier\Desktop\Fuente\Gunz\Runtime\detours.pdb'; se vinculará el objeto sin tener en cuenta información de depuración
     1>detours.lib(disasm.obj) : warning LNK4099: no se encontró PDB 'detours.pdb' con 'detours.lib(disasm.obj)' o en 'C:\Users\javier\Desktop\Fuente\Gunz\Runtime\detours.pdb'; se vinculará el objeto sin tener en cuenta información de depuración
         Gunz.vcxproj -> C:\Users\javier\Desktop\Fuente\Gunz\Runtime\Gunz.exe
     1>Compilación del proyecto terminada "C:\Users\javier\Desktop\Fuente\Gunz\Gunz.vcxproj" (Build destinos).

Compilación correcta.

Tiempo transcurrido 00:00:09.68
