c:\users\gabri\desktop\fuente\cml\release\cml.pch
c:\users\gabri\desktop\fuente\cml\release\vc120.pdb
c:\users\gabri\desktop\fuente\cml\release\stdafx.obj
c:\users\gabri\desktop\fuente\cml\release\mcrc32.obj
c:\users\gabri\desktop\fuente\cml\release\mcrashdump.obj
c:\users\gabri\desktop\fuente\cml\release\mchunkrewriter.obj
c:\users\gabri\desktop\fuente\cml\release\mchecksum.obj
c:\users\gabri\desktop\fuente\cml\release\mblobarray.obj
c:\users\gabri\desktop\fuente\cml\release\masynchttp.obj
c:\users\gabri\desktop\fuente\cml\release\marchive.obj
c:\users\gabri\desktop\fuente\cml\release\libpak.obj
c:\users\gabri\desktop\fuente\cml\release\hash.obj
c:\users\gabri\desktop\fuente\cml\release\fileinfo.obj
c:\users\gabri\desktop\fuente\cml\release\commonlog.obj
c:\users\gabri\desktop\fuente\cml\release\cmlexicalanalyzer.obj
c:\users\gabri\desktop\fuente\cml\release\cmerror.obj
c:\users\gabri\desktop\fuente\cml\release\cfgfile.obj
c:\users\gabri\desktop\fuente\cml\release\sha1.obj
c:\users\gabri\desktop\fuente\cml\release\mmd5.obj
c:\users\gabri\desktop\fuente\cml\release\hmac_sha1.obj
c:\users\gabri\desktop\fuente\cml\release\seed.obj
c:\users\gabri\desktop\fuente\cml\release\mvector3.obj
c:\users\gabri\desktop\fuente\cml\release\mmatrix.obj
c:\users\gabri\desktop\fuente\cml\release\mstrex.obj
c:\users\gabri\desktop\fuente\cml\release\mstatemachine.obj
c:\users\gabri\desktop\fuente\cml\release\msmartrefresh.obj
c:\users\gabri\desktop\fuente\cml\release\mrsaencrypt.obj
c:\users\gabri\desktop\fuente\cml\release\mregistry.obj
c:\users\gabri\desktop\fuente\cml\release\mprofiler.obj
c:\users\gabri\desktop\fuente\cml\release\mprocesscontroller.obj
c:\users\gabri\desktop\fuente\cml\release\mpdb.obj
c:\users\gabri\desktop\fuente\cml\release\mpagearray.obj
c:\users\gabri\desktop\fuente\cml\release\mmemoryproxy.obj
c:\users\gabri\desktop\fuente\cml\release\mlocale.obj
c:\users\gabri\desktop\fuente\cml\release\mlex.obj
c:\users\gabri\desktop\fuente\cml\release\minetutil.obj
c:\users\gabri\desktop\fuente\cml\release\minet.obj
c:\users\gabri\desktop\fuente\cml\release\mhttpspooler.obj
c:\users\gabri\desktop\fuente\cml\release\mempool.obj
c:\users\gabri\desktop\fuente\cml\release\mdebug.obj
c:\users\gabri\desktop\fuente\cml\release\mdatachecker.obj
c:\users\gabri\desktop\fuente\cml\release\mcsvparser.obj
c:\users\gabri\desktop\fuente\cml\release\mcrypt.obj
c:\users\gabri\desktop\fuente\cml\release\mzip.obj
c:\users\gabri\desktop\fuente\cml\release\mzfilesystem.obj
c:\users\gabri\desktop\fuente\cml\release\mxml.obj
c:\users\gabri\desktop\fuente\cml\release\mutil.obj
c:\users\gabri\desktop\fuente\cml\release\mtracememory.obj
c:\users\gabri\desktop\fuente\cml\release\mthread.obj
c:\users\gabri\desktop\fuente\cml\release\msync.obj
c:\users\gabri\desktop\fuente\cml\release\mfoldernotifier.obj
c:\users\gabri\desktop\fuente\cml\lib\cml.lib
c:\users\gabri\desktop\fuente\cml\release\msxml.tli
c:\users\gabri\desktop\fuente\cml\release\msxml.tlh
c:\users\gabri\desktop\fuente\cml\release\cml.tlog\cl.command.1.tlog
c:\users\gabri\desktop\fuente\cml\release\cml.tlog\cl.read.1.tlog
c:\users\gabri\desktop\fuente\cml\release\cml.tlog\cl.write.1.tlog
c:\users\gabri\desktop\fuente\cml\release\cml.tlog\lib-link.read.1.tlog
c:\users\gabri\desktop\fuente\cml\release\cml.tlog\lib-link.write.1.tlog
c:\users\gabri\desktop\fuente\cml\release\cml.tlog\lib.command.1.tlog
